<?xml version="1.0" encoding="UTF-8"?>
<!-- Generated by org.testng.reporters.JUnitXMLReporter -->
<testsuite ignored="0" hostname="CITHYDLTP-176" failures="1" tests="1" name="edgeTest" time="36.275" errors="0" timestamp="2026-04-18T10:16:12 IST">
  <testcase classname="testBase.BaseClass" name="@BeforeClass setup" time="7.36">
    <failure type="java.lang.ClassCastException" message="class org.openqa.selenium.firefox.FirefoxDriver cannot be cast to class org.openqa.selenium.chromium.ChromiumDriver (org.openqa.selenium.firefox.FirefoxDriver and org.openqa.selenium.chromium.ChromiumDriver are in unnamed module of loader &amp;apos;app&amp;apos;)">
      <![CDATA[java.lang.ClassCastException: class org.openqa.selenium.firefox.FirefoxDriver cannot be cast to class org.openqa.selenium.chromium.ChromiumDriver (org.openqa.selenium.firefox.FirefoxDriver and org.openqa.selenium.chromium.ChromiumDriver are in unnamed module of loader 'app')
at testBase.BaseClass.setup(BaseClass.java:71)
at java.base/java.util.ArrayList.forEach(ArrayList.java:1511)
at java.base/java.util.concurrent.FutureTask.run(FutureTask.java:264)
at java.base/java.util.concurrent.ThreadPoolExecutor.runWorker(ThreadPoolExecutor.java:1136)
at java.base/java.util.concurrent.ThreadPoolExecutor$Worker.run(ThreadPoolExecutor.java:635)
at java.base/java.lang.Thread.run(Thread.java:840)
... Removed 15 stack frames]]>
    </failure>
  </testcase> <!-- @BeforeClass setup -->
  <testcase classname="TestCases.TC001_CreateAccountTest" name="verify_CreateAccount" time="22.027">
    <failure type="java.lang.AssertionError" message="null">
      <![CDATA[java.lang.AssertionError: null
at TestCases.TC001_CreateAccountTest.verify_CreateAccount(TC001_CreateAccountTest.java:49)
at java.base/java.util.ArrayList.forEach(ArrayList.java:1511)
at java.base/java.util.concurrent.FutureTask.run(FutureTask.java:264)
at java.base/java.util.concurrent.ThreadPoolExecutor.runWorker(ThreadPoolExecutor.java:1136)
at java.base/java.util.concurrent.ThreadPoolExecutor$Worker.run(ThreadPoolExecutor.java:635)
at java.base/java.lang.Thread.run(Thread.java:840)
... Removed 19 stack frames]]>
    </failure>
  </testcase> <!-- verify_CreateAccount -->
</testsuite> <!-- edgeTest -->
