<?xml version="1.0" encoding="UTF-8"?>
<!-- Generated by org.testng.reporters.JUnitXMLReporter -->
<testsuite ignored="1" hostname="CITHYDLTP-176" failures="0" tests="1" name="Test" time="14.124" errors="0" timestamp="2026-04-18T11:37:33 IST">
  <testcase classname="TestCases.TC002_SignIn" name="verify_SignInTest" time="4.588"/>
  <testcase classname="TestCases.TC001_CreateAccountTest" name="verify_CreateAccount" time="0.0">
    <ignored/>
  </testcase> <!-- verify_CreateAccount -->
</testsuite> <!-- Test -->
