<?xml version="1.0" encoding="UTF-8"?>
<testng-results ignored="0" total="1" passed="1" failed="0" skipped="0">
  <reporter-output>
  </reporter-output>
  <suite started-at="2026-05-25T19:22:49 IST" name="Suite" finished-at="2026-05-25T19:23:09 IST" duration-ms="20082">
    <groups>
      <group name="Master">
        <method signature="TC001_CreateAccountTest.verify_CreateAccount()[pri:0, instance:TestCases.TC001_CreateAccountTest@56f0cc85]" name="verify_CreateAccount" class="TestCases.TC001_CreateAccountTest"/>
      </group> <!-- Master -->
      <group name="Regression">
        <method signature="TC001_CreateAccountTest.verify_CreateAccount()[pri:0, instance:TestCases.TC001_CreateAccountTest@56f0cc85]" name="verify_CreateAccount" class="TestCases.TC001_CreateAccountTest"/>
      </group> <!-- Regression -->
    </groups>
    <test started-at="2026-05-25T19:22:49 IST" name="Test" finished-at="2026-05-25T19:23:09 IST" duration-ms="20082">
      <class name="TestCases.TC001_CreateAccountTest">
        <test-method is-config="true" signature="setup(java.lang.String,java.lang.String)[pri:0, instance:TestCases.TC001_CreateAccountTest@56f0cc85]" started-at="2026-05-25T19:22:49 IST" name="setup" finished-at="2026-05-25T19:22:55 IST" duration-ms="5534" status="PASS">
          <params>
            <param index="0">
              <value>
                <![CDATA[Windows]]>
              </value>
            </param>
            <param index="1">
              <value>
                <![CDATA[chrome]]>
              </value>
            </param>
          </params>
          <reporter-output>
          </reporter-output>
        </test-method> <!-- setup -->
        <test-method signature="verify_CreateAccount()[pri:0, instance:TestCases.TC001_CreateAccountTest@56f0cc85]" started-at="2026-05-25T19:22:55 IST" name="verify_CreateAccount" finished-at="2026-05-25T19:23:09 IST" duration-ms="14315" status="PASS">
          <reporter-output>
          </reporter-output>
        </test-method> <!-- verify_CreateAccount -->
        <test-method is-config="true" signature="teardown()[pri:0, instance:TestCases.TC001_CreateAccountTest@56f0cc85]" started-at="2026-05-25T19:23:09 IST" name="teardown" finished-at="2026-05-25T19:23:09 IST" duration-ms="192" status="PASS">
          <reporter-output>
          </reporter-output>
        </test-method> <!-- teardown -->
      </class> <!-- TestCases.TC001_CreateAccountTest -->
    </test> <!-- Test -->
  </suite> <!-- Suite -->
</testng-results>
